[0.205s] DEBUG:colcon:Command line arguments: ['/usr/bin/colcon', 'list', '-p', '--base-paths', '/home/bachtiar/elephant_robot_ws/src/oscbf', '--log-base', '/dev/null']
[0.205s] DEBUG:colcon:Parsed command line arguments: Namespace(log_base=None, log_level=None, verb_name='list', build_base='build', ignore_user_meta=False, metas=['./colcon.meta'], base_paths=['/home/bachtiar/elephant_robot_ws/src/oscbf', '--log-base', '/dev/null'], packages_ignore=None, packages_ignore_regex=None, paths=None, packages_up_to=None, packages_up_to_regex=None, packages_above=None, packages_above_and_dependencies=None, packages_above_depth=None, packages_select_by_dep=None, packages_skip_by_dep=None, packages_skip_up_to=None, packages_select_build_failed=False, packages_skip_build_finished=False, packages_select_test_failures=False, packages_skip_test_passed=False, packages_select=None, packages_skip=None, packages_select_regex=None, packages_skip_regex=None, packages_start=None, packages_end=None, allow_overriding=[], topological_order=False, names_only=False, paths_only=True, topological_graph=False, topological_graph_dot=False, topological_graph_density=False, topological_graph_legend=False, topological_graph_dot_cluster=False, topological_graph_dot_include_skipped=False, mixin_files=None, mixin=None, verb_parser=<colcon_mixin.mixin.mixin_argument.MixinArgumentDecorator object at 0x718947a4f160>, verb_extension=<colcon_package_information.verb.list.ListVerb object at 0x718947a4dff0>, main=<bound method ListVerb.main of <colcon_package_information.verb.list.ListVerb object at 0x718947a4dff0>>, mixin_verb=('list',))
[0.494s] Level 1:colcon.colcon_core.package_discovery:discover_packages(colcon_meta) check parameters
[0.494s] Level 1:colcon.colcon_core.package_discovery:discover_packages(recursive) check parameters
[0.494s] Level 1:colcon.colcon_core.package_discovery:discover_packages(ignore) check parameters
[0.494s] Level 1:colcon.colcon_core.package_discovery:discover_packages(path) check parameters
[0.494s] Level 1:colcon.colcon_core.package_discovery:discover_packages(recursive) discover
[0.495s] INFO:colcon.colcon_core.package_discovery:Crawling recursively for packages in '/home/bachtiar/elephant_robot_ws/src/oscbf', '/home/bachtiar/elephant_robot_ws/src/oscbf/--log-base', '/dev/null'
[0.495s] Level 1:colcon.colcon_core.package_identification:_identify(/home/bachtiar/elephant_robot_ws/src/oscbf) by extensions ['ignore', 'ignore_ament_install']
[0.495s] Level 1:colcon.colcon_core.package_identification:_identify(/home/bachtiar/elephant_robot_ws/src/oscbf) by extension 'ignore'
[0.495s] Level 1:colcon.colcon_core.package_identification:_identify(/home/bachtiar/elephant_robot_ws/src/oscbf) by extension 'ignore_ament_install'
[0.495s] Level 1:colcon.colcon_core.package_identification:_identify(/home/bachtiar/elephant_robot_ws/src/oscbf) by extensions ['colcon_pkg']
[0.495s] Level 1:colcon.colcon_core.package_identification:_identify(/home/bachtiar/elephant_robot_ws/src/oscbf) by extension 'colcon_pkg'
[0.495s] Level 1:colcon.colcon_core.package_identification:_identify(/home/bachtiar/elephant_robot_ws/src/oscbf) by extensions ['colcon_meta']
[0.495s] Level 1:colcon.colcon_core.package_identification:_identify(/home/bachtiar/elephant_robot_ws/src/oscbf) by extension 'colcon_meta'
[0.495s] Level 1:colcon.colcon_core.package_identification:_identify(/home/bachtiar/elephant_robot_ws/src/oscbf) by extensions ['ros']
[0.496s] Level 1:colcon.colcon_core.package_identification:_identify(/home/bachtiar/elephant_robot_ws/src/oscbf) by extension 'ros'
[0.520s] Level 1:colcon.colcon_core.package_identification:_identify(/home/bachtiar/elephant_robot_ws/src/oscbf) by extensions ['cmake', 'python']
[0.521s] Level 1:colcon.colcon_core.package_identification:_identify(/home/bachtiar/elephant_robot_ws/src/oscbf) by extension 'cmake'
[0.521s] Level 1:colcon.colcon_core.package_identification:_identify(/home/bachtiar/elephant_robot_ws/src/oscbf) by extension 'python'
[0.521s] Level 1:colcon.colcon_core.package_identification:_identify(/home/bachtiar/elephant_robot_ws/src/oscbf) by extensions ['python_setup_py']
[0.521s] Level 1:colcon.colcon_core.package_identification:_identify(/home/bachtiar/elephant_robot_ws/src/oscbf) by extension 'python_setup_py'
[0.521s] Level 1:colcon.colcon_core.package_identification:_identify(/home/bachtiar/elephant_robot_ws/src/oscbf/log) by extensions ['ignore', 'ignore_ament_install']
[0.521s] Level 1:colcon.colcon_core.package_identification:_identify(/home/bachtiar/elephant_robot_ws/src/oscbf/log) by extension 'ignore'
[0.522s] Level 1:colcon.colcon_core.package_identification:_identify(/home/bachtiar/elephant_robot_ws/src/oscbf/log) ignored
[0.522s] Level 1:colcon.colcon_core.package_identification:_identify(/home/bachtiar/elephant_robot_ws/src/oscbf/oscbf) by extensions ['ignore', 'ignore_ament_install']
[0.522s] Level 1:colcon.colcon_core.package_identification:_identify(/home/bachtiar/elephant_robot_ws/src/oscbf/oscbf) by extension 'ignore'
[0.522s] Level 1:colcon.colcon_core.package_identification:_identify(/home/bachtiar/elephant_robot_ws/src/oscbf/oscbf) by extension 'ignore_ament_install'
[0.522s] Level 1:colcon.colcon_core.package_identification:_identify(/home/bachtiar/elephant_robot_ws/src/oscbf/oscbf) by extensions ['colcon_pkg']
[0.523s] Level 1:colcon.colcon_core.package_identification:_identify(/home/bachtiar/elephant_robot_ws/src/oscbf/oscbf) by extension 'colcon_pkg'
[0.523s] Level 1:colcon.colcon_core.package_identification:_identify(/home/bachtiar/elephant_robot_ws/src/oscbf/oscbf) by extensions ['colcon_meta']
[0.523s] Level 1:colcon.colcon_core.package_identification:_identify(/home/bachtiar/elephant_robot_ws/src/oscbf/oscbf) by extension 'colcon_meta'
[0.523s] Level 1:colcon.colcon_core.package_identification:_identify(/home/bachtiar/elephant_robot_ws/src/oscbf/oscbf) by extensions ['ros']
[0.523s] Level 1:colcon.colcon_core.package_identification:_identify(/home/bachtiar/elephant_robot_ws/src/oscbf/oscbf) by extension 'ros'
[0.523s] Level 1:colcon.colcon_core.package_identification:_identify(/home/bachtiar/elephant_robot_ws/src/oscbf/oscbf) by extensions ['cmake', 'python']
[0.523s] Level 1:colcon.colcon_core.package_identification:_identify(/home/bachtiar/elephant_robot_ws/src/oscbf/oscbf) by extension 'cmake'
[0.523s] Level 1:colcon.colcon_core.package_identification:_identify(/home/bachtiar/elephant_robot_ws/src/oscbf/oscbf) by extension 'python'
[0.523s] Level 1:colcon.colcon_core.package_identification:_identify(/home/bachtiar/elephant_robot_ws/src/oscbf/oscbf) by extensions ['python_setup_py']
[0.523s] Level 1:colcon.colcon_core.package_identification:_identify(/home/bachtiar/elephant_robot_ws/src/oscbf/oscbf) by extension 'python_setup_py'
[0.524s] Level 1:colcon.colcon_core.package_identification:_identify(/home/bachtiar/elephant_robot_ws/src/oscbf/oscbf/__pycache__) by extensions ['ignore', 'ignore_ament_install']
[0.524s] Level 1:colcon.colcon_core.package_identification:_identify(/home/bachtiar/elephant_robot_ws/src/oscbf/oscbf/__pycache__) by extension 'ignore'
[0.524s] Level 1:colcon.colcon_core.package_identification:_identify(/home/bachtiar/elephant_robot_ws/src/oscbf/oscbf/__pycache__) by extension 'ignore_ament_install'
[0.524s] Level 1:colcon.colcon_core.package_identification:_identify(/home/bachtiar/elephant_robot_ws/src/oscbf/oscbf/__pycache__) by extensions ['colcon_pkg']
[0.524s] Level 1:colcon.colcon_core.package_identification:_identify(/home/bachtiar/elephant_robot_ws/src/oscbf/oscbf/__pycache__) by extension 'colcon_pkg'
[0.524s] Level 1:colcon.colcon_core.package_identification:_identify(/home/bachtiar/elephant_robot_ws/src/oscbf/oscbf/__pycache__) by extensions ['colcon_meta']
[0.524s] Level 1:colcon.colcon_core.package_identification:_identify(/home/bachtiar/elephant_robot_ws/src/oscbf/oscbf/__pycache__) by extension 'colcon_meta'
[0.524s] Level 1:colcon.colcon_core.package_identification:_identify(/home/bachtiar/elephant_robot_ws/src/oscbf/oscbf/__pycache__) by extensions ['ros']
[0.524s] Level 1:colcon.colcon_core.package_identification:_identify(/home/bachtiar/elephant_robot_ws/src/oscbf/oscbf/__pycache__) by extension 'ros'
[0.525s] Level 1:colcon.colcon_core.package_identification:_identify(/home/bachtiar/elephant_robot_ws/src/oscbf/oscbf/__pycache__) by extensions ['cmake', 'python']
[0.525s] Level 1:colcon.colcon_core.package_identification:_identify(/home/bachtiar/elephant_robot_ws/src/oscbf/oscbf/__pycache__) by extension 'cmake'
[0.525s] Level 1:colcon.colcon_core.package_identification:_identify(/home/bachtiar/elephant_robot_ws/src/oscbf/oscbf/__pycache__) by extension 'python'
[0.525s] Level 1:colcon.colcon_core.package_identification:_identify(/home/bachtiar/elephant_robot_ws/src/oscbf/oscbf/__pycache__) by extensions ['python_setup_py']
[0.525s] Level 1:colcon.colcon_core.package_identification:_identify(/home/bachtiar/elephant_robot_ws/src/oscbf/oscbf/__pycache__) by extension 'python_setup_py'
[0.525s] Level 1:colcon.colcon_core.package_identification:_identify(/home/bachtiar/elephant_robot_ws/src/oscbf/oscbf/assets) by extensions ['ignore', 'ignore_ament_install']
[0.525s] Level 1:colcon.colcon_core.package_identification:_identify(/home/bachtiar/elephant_robot_ws/src/oscbf/oscbf/assets) by extension 'ignore'
[0.525s] Level 1:colcon.colcon_core.package_identification:_identify(/home/bachtiar/elephant_robot_ws/src/oscbf/oscbf/assets) by extension 'ignore_ament_install'
[0.525s] Level 1:colcon.colcon_core.package_identification:_identify(/home/bachtiar/elephant_robot_ws/src/oscbf/oscbf/assets) by extensions ['colcon_pkg']
[0.525s] Level 1:colcon.colcon_core.package_identification:_identify(/home/bachtiar/elephant_robot_ws/src/oscbf/oscbf/assets) by extension 'colcon_pkg'
[0.525s] Level 1:colcon.colcon_core.package_identification:_identify(/home/bachtiar/elephant_robot_ws/src/oscbf/oscbf/assets) by extensions ['colcon_meta']
[0.525s] Level 1:colcon.colcon_core.package_identification:_identify(/home/bachtiar/elephant_robot_ws/src/oscbf/oscbf/assets) by extension 'colcon_meta'
[0.526s] Level 1:colcon.colcon_core.package_identification:_identify(/home/bachtiar/elephant_robot_ws/src/oscbf/oscbf/assets) by extensions ['ros']
[0.526s] Level 1:colcon.colcon_core.package_identification:_identify(/home/bachtiar/elephant_robot_ws/src/oscbf/oscbf/assets) by extension 'ros'
[0.526s] Level 1:colcon.colcon_core.package_identification:_identify(/home/bachtiar/elephant_robot_ws/src/oscbf/oscbf/assets) by extensions ['cmake', 'python']
[0.526s] Level 1:colcon.colcon_core.package_identification:_identify(/home/bachtiar/elephant_robot_ws/src/oscbf/oscbf/assets) by extension 'cmake'
[0.526s] Level 1:colcon.colcon_core.package_identification:_identify(/home/bachtiar/elephant_robot_ws/src/oscbf/oscbf/assets) by extension 'python'
[0.526s] Level 1:colcon.colcon_core.package_identification:_identify(/home/bachtiar/elephant_robot_ws/src/oscbf/oscbf/assets) by extensions ['python_setup_py']
[0.526s] Level 1:colcon.colcon_core.package_identification:_identify(/home/bachtiar/elephant_robot_ws/src/oscbf/oscbf/assets) by extension 'python_setup_py'
[0.526s] Level 1:colcon.colcon_core.package_identification:_identify(/home/bachtiar/elephant_robot_ws/src/oscbf/oscbf/assets/franka_panda) by extensions ['ignore', 'ignore_ament_install']
[0.526s] Level 1:colcon.colcon_core.package_identification:_identify(/home/bachtiar/elephant_robot_ws/src/oscbf/oscbf/assets/franka_panda) by extension 'ignore'
[0.526s] Level 1:colcon.colcon_core.package_identification:_identify(/home/bachtiar/elephant_robot_ws/src/oscbf/oscbf/assets/franka_panda) by extension 'ignore_ament_install'
[0.526s] Level 1:colcon.colcon_core.package_identification:_identify(/home/bachtiar/elephant_robot_ws/src/oscbf/oscbf/assets/franka_panda) by extensions ['colcon_pkg']
[0.526s] Level 1:colcon.colcon_core.package_identification:_identify(/home/bachtiar/elephant_robot_ws/src/oscbf/oscbf/assets/franka_panda) by extension 'colcon_pkg'
[0.526s] Level 1:colcon.colcon_core.package_identification:_identify(/home/bachtiar/elephant_robot_ws/src/oscbf/oscbf/assets/franka_panda) by extensions ['colcon_meta']
[0.526s] Level 1:colcon.colcon_core.package_identification:_identify(/home/bachtiar/elephant_robot_ws/src/oscbf/oscbf/assets/franka_panda) by extension 'colcon_meta'
[0.527s] Level 1:colcon.colcon_core.package_identification:_identify(/home/bachtiar/elephant_robot_ws/src/oscbf/oscbf/assets/franka_panda) by extensions ['ros']
[0.527s] Level 1:colcon.colcon_core.package_identification:_identify(/home/bachtiar/elephant_robot_ws/src/oscbf/oscbf/assets/franka_panda) by extension 'ros'
[0.527s] Level 1:colcon.colcon_core.package_identification:_identify(/home/bachtiar/elephant_robot_ws/src/oscbf/oscbf/assets/franka_panda) by extensions ['cmake', 'python']
[0.527s] Level 1:colcon.colcon_core.package_identification:_identify(/home/bachtiar/elephant_robot_ws/src/oscbf/oscbf/assets/franka_panda) by extension 'cmake'
[0.527s] Level 1:colcon.colcon_core.package_identification:_identify(/home/bachtiar/elephant_robot_ws/src/oscbf/oscbf/assets/franka_panda) by extension 'python'
[0.527s] Level 1:colcon.colcon_core.package_identification:_identify(/home/bachtiar/elephant_robot_ws/src/oscbf/oscbf/assets/franka_panda) by extensions ['python_setup_py']
[0.527s] Level 1:colcon.colcon_core.package_identification:_identify(/home/bachtiar/elephant_robot_ws/src/oscbf/oscbf/assets/franka_panda) by extension 'python_setup_py'
[0.527s] Level 1:colcon.colcon_core.package_identification:_identify(/home/bachtiar/elephant_robot_ws/src/oscbf/oscbf/assets/franka_panda/meshes) by extensions ['ignore', 'ignore_ament_install']
[0.527s] Level 1:colcon.colcon_core.package_identification:_identify(/home/bachtiar/elephant_robot_ws/src/oscbf/oscbf/assets/franka_panda/meshes) by extension 'ignore'
[0.527s] Level 1:colcon.colcon_core.package_identification:_identify(/home/bachtiar/elephant_robot_ws/src/oscbf/oscbf/assets/franka_panda/meshes) by extension 'ignore_ament_install'
[0.527s] Level 1:colcon.colcon_core.package_identification:_identify(/home/bachtiar/elephant_robot_ws/src/oscbf/oscbf/assets/franka_panda/meshes) by extensions ['colcon_pkg']
[0.527s] Level 1:colcon.colcon_core.package_identification:_identify(/home/bachtiar/elephant_robot_ws/src/oscbf/oscbf/assets/franka_panda/meshes) by extension 'colcon_pkg'
[0.527s] Level 1:colcon.colcon_core.package_identification:_identify(/home/bachtiar/elephant_robot_ws/src/oscbf/oscbf/assets/franka_panda/meshes) by extensions ['colcon_meta']
[0.527s] Level 1:colcon.colcon_core.package_identification:_identify(/home/bachtiar/elephant_robot_ws/src/oscbf/oscbf/assets/franka_panda/meshes) by extension 'colcon_meta'
[0.528s] Level 1:colcon.colcon_core.package_identification:_identify(/home/bachtiar/elephant_robot_ws/src/oscbf/oscbf/assets/franka_panda/meshes) by extensions ['ros']
[0.528s] Level 1:colcon.colcon_core.package_identification:_identify(/home/bachtiar/elephant_robot_ws/src/oscbf/oscbf/assets/franka_panda/meshes) by extension 'ros'
[0.528s] Level 1:colcon.colcon_core.package_identification:_identify(/home/bachtiar/elephant_robot_ws/src/oscbf/oscbf/assets/franka_panda/meshes) by extensions ['cmake', 'python']
[0.528s] Level 1:colcon.colcon_core.package_identification:_identify(/home/bachtiar/elephant_robot_ws/src/oscbf/oscbf/assets/franka_panda/meshes) by extension 'cmake'
[0.528s] Level 1:colcon.colcon_core.package_identification:_identify(/home/bachtiar/elephant_robot_ws/src/oscbf/oscbf/assets/franka_panda/meshes) by extension 'python'
[0.528s] Level 1:colcon.colcon_core.package_identification:_identify(/home/bachtiar/elephant_robot_ws/src/oscbf/oscbf/assets/franka_panda/meshes) by extensions ['python_setup_py']
[0.528s] Level 1:colcon.colcon_core.package_identification:_identify(/home/bachtiar/elephant_robot_ws/src/oscbf/oscbf/assets/franka_panda/meshes) by extension 'python_setup_py'
[0.528s] Level 1:colcon.colcon_core.package_identification:_identify(/home/bachtiar/elephant_robot_ws/src/oscbf/oscbf/assets/franka_panda/meshes/collision) by extensions ['ignore', 'ignore_ament_install']
[0.528s] Level 1:colcon.colcon_core.package_identification:_identify(/home/bachtiar/elephant_robot_ws/src/oscbf/oscbf/assets/franka_panda/meshes/collision) by extension 'ignore'
[0.528s] Level 1:colcon.colcon_core.package_identification:_identify(/home/bachtiar/elephant_robot_ws/src/oscbf/oscbf/assets/franka_panda/meshes/collision) by extension 'ignore_ament_install'
[0.528s] Level 1:colcon.colcon_core.package_identification:_identify(/home/bachtiar/elephant_robot_ws/src/oscbf/oscbf/assets/franka_panda/meshes/collision) by extensions ['colcon_pkg']
[0.528s] Level 1:colcon.colcon_core.package_identification:_identify(/home/bachtiar/elephant_robot_ws/src/oscbf/oscbf/assets/franka_panda/meshes/collision) by extension 'colcon_pkg'
[0.528s] Level 1:colcon.colcon_core.package_identification:_identify(/home/bachtiar/elephant_robot_ws/src/oscbf/oscbf/assets/franka_panda/meshes/collision) by extensions ['colcon_meta']
[0.528s] Level 1:colcon.colcon_core.package_identification:_identify(/home/bachtiar/elephant_robot_ws/src/oscbf/oscbf/assets/franka_panda/meshes/collision) by extension 'colcon_meta'
[0.529s] Level 1:colcon.colcon_core.package_identification:_identify(/home/bachtiar/elephant_robot_ws/src/oscbf/oscbf/assets/franka_panda/meshes/collision) by extensions ['ros']
[0.529s] Level 1:colcon.colcon_core.package_identification:_identify(/home/bachtiar/elephant_robot_ws/src/oscbf/oscbf/assets/franka_panda/meshes/collision) by extension 'ros'
[0.529s] Level 1:colcon.colcon_core.package_identification:_identify(/home/bachtiar/elephant_robot_ws/src/oscbf/oscbf/assets/franka_panda/meshes/collision) by extensions ['cmake', 'python']
[0.529s] Level 1:colcon.colcon_core.package_identification:_identify(/home/bachtiar/elephant_robot_ws/src/oscbf/oscbf/assets/franka_panda/meshes/collision) by extension 'cmake'
[0.529s] Level 1:colcon.colcon_core.package_identification:_identify(/home/bachtiar/elephant_robot_ws/src/oscbf/oscbf/assets/franka_panda/meshes/collision) by extension 'python'
[0.529s] Level 1:colcon.colcon_core.package_identification:_identify(/home/bachtiar/elephant_robot_ws/src/oscbf/oscbf/assets/franka_panda/meshes/collision) by extensions ['python_setup_py']
[0.529s] Level 1:colcon.colcon_core.package_identification:_identify(/home/bachtiar/elephant_robot_ws/src/oscbf/oscbf/assets/franka_panda/meshes/collision) by extension 'python_setup_py'
[0.529s] Level 1:colcon.colcon_core.package_identification:_identify(/home/bachtiar/elephant_robot_ws/src/oscbf/oscbf/assets/franka_panda/meshes/visual) by extensions ['ignore', 'ignore_ament_install']
[0.529s] Level 1:colcon.colcon_core.package_identification:_identify(/home/bachtiar/elephant_robot_ws/src/oscbf/oscbf/assets/franka_panda/meshes/visual) by extension 'ignore'
[0.529s] Level 1:colcon.colcon_core.package_identification:_identify(/home/bachtiar/elephant_robot_ws/src/oscbf/oscbf/assets/franka_panda/meshes/visual) by extension 'ignore_ament_install'
[0.529s] Level 1:colcon.colcon_core.package_identification:_identify(/home/bachtiar/elephant_robot_ws/src/oscbf/oscbf/assets/franka_panda/meshes/visual) by extensions ['colcon_pkg']
[0.530s] Level 1:colcon.colcon_core.package_identification:_identify(/home/bachtiar/elephant_robot_ws/src/oscbf/oscbf/assets/franka_panda/meshes/visual) by extension 'colcon_pkg'
[0.530s] Level 1:colcon.colcon_core.package_identification:_identify(/home/bachtiar/elephant_robot_ws/src/oscbf/oscbf/assets/franka_panda/meshes/visual) by extensions ['colcon_meta']
[0.530s] Level 1:colcon.colcon_core.package_identification:_identify(/home/bachtiar/elephant_robot_ws/src/oscbf/oscbf/assets/franka_panda/meshes/visual) by extension 'colcon_meta'
[0.530s] Level 1:colcon.colcon_core.package_identification:_identify(/home/bachtiar/elephant_robot_ws/src/oscbf/oscbf/assets/franka_panda/meshes/visual) by extensions ['ros']
[0.530s] Level 1:colcon.colcon_core.package_identification:_identify(/home/bachtiar/elephant_robot_ws/src/oscbf/oscbf/assets/franka_panda/meshes/visual) by extension 'ros'
[0.530s] Level 1:colcon.colcon_core.package_identification:_identify(/home/bachtiar/elephant_robot_ws/src/oscbf/oscbf/assets/franka_panda/meshes/visual) by extensions ['cmake', 'python']
[0.530s] Level 1:colcon.colcon_core.package_identification:_identify(/home/bachtiar/elephant_robot_ws/src/oscbf/oscbf/assets/franka_panda/meshes/visual) by extension 'cmake'
[0.530s] Level 1:colcon.colcon_core.package_identification:_identify(/home/bachtiar/elephant_robot_ws/src/oscbf/oscbf/assets/franka_panda/meshes/visual) by extension 'python'
[0.530s] Level 1:colcon.colcon_core.package_identification:_identify(/home/bachtiar/elephant_robot_ws/src/oscbf/oscbf/assets/franka_panda/meshes/visual) by extensions ['python_setup_py']
[0.530s] Level 1:colcon.colcon_core.package_identification:_identify(/home/bachtiar/elephant_robot_ws/src/oscbf/oscbf/assets/franka_panda/meshes/visual) by extension 'python_setup_py'
[0.530s] Level 1:colcon.colcon_core.package_identification:_identify(/home/bachtiar/elephant_robot_ws/src/oscbf/oscbf/assets/mycobot) by extensions ['ignore', 'ignore_ament_install']
[0.530s] Level 1:colcon.colcon_core.package_identification:_identify(/home/bachtiar/elephant_robot_ws/src/oscbf/oscbf/assets/mycobot) by extension 'ignore'
[0.530s] Level 1:colcon.colcon_core.package_identification:_identify(/home/bachtiar/elephant_robot_ws/src/oscbf/oscbf/assets/mycobot) by extension 'ignore_ament_install'
[0.530s] Level 1:colcon.colcon_core.package_identification:_identify(/home/bachtiar/elephant_robot_ws/src/oscbf/oscbf/assets/mycobot) by extensions ['colcon_pkg']
[0.530s] Level 1:colcon.colcon_core.package_identification:_identify(/home/bachtiar/elephant_robot_ws/src/oscbf/oscbf/assets/mycobot) by extension 'colcon_pkg'
[0.530s] Level 1:colcon.colcon_core.package_identification:_identify(/home/bachtiar/elephant_robot_ws/src/oscbf/oscbf/assets/mycobot) by extensions ['colcon_meta']
[0.531s] Level 1:colcon.colcon_core.package_identification:_identify(/home/bachtiar/elephant_robot_ws/src/oscbf/oscbf/assets/mycobot) by extension 'colcon_meta'
[0.531s] Level 1:colcon.colcon_core.package_identification:_identify(/home/bachtiar/elephant_robot_ws/src/oscbf/oscbf/assets/mycobot) by extensions ['ros']
[0.531s] Level 1:colcon.colcon_core.package_identification:_identify(/home/bachtiar/elephant_robot_ws/src/oscbf/oscbf/assets/mycobot) by extension 'ros'
[0.531s] Level 1:colcon.colcon_core.package_identification:_identify(/home/bachtiar/elephant_robot_ws/src/oscbf/oscbf/assets/mycobot) by extensions ['cmake', 'python']
[0.531s] Level 1:colcon.colcon_core.package_identification:_identify(/home/bachtiar/elephant_robot_ws/src/oscbf/oscbf/assets/mycobot) by extension 'cmake'
[0.531s] Level 1:colcon.colcon_core.package_identification:_identify(/home/bachtiar/elephant_robot_ws/src/oscbf/oscbf/assets/mycobot) by extension 'python'
[0.531s] Level 1:colcon.colcon_core.package_identification:_identify(/home/bachtiar/elephant_robot_ws/src/oscbf/oscbf/assets/mycobot) by extensions ['python_setup_py']
[0.531s] Level 1:colcon.colcon_core.package_identification:_identify(/home/bachtiar/elephant_robot_ws/src/oscbf/oscbf/assets/mycobot) by extension 'python_setup_py'
[0.531s] Level 1:colcon.colcon_core.package_identification:_identify(/home/bachtiar/elephant_robot_ws/src/oscbf/oscbf/assets/mycobot/meshes) by extensions ['ignore', 'ignore_ament_install']
[0.531s] Level 1:colcon.colcon_core.package_identification:_identify(/home/bachtiar/elephant_robot_ws/src/oscbf/oscbf/assets/mycobot/meshes) by extension 'ignore'
[0.531s] Level 1:colcon.colcon_core.package_identification:_identify(/home/bachtiar/elephant_robot_ws/src/oscbf/oscbf/assets/mycobot/meshes) by extension 'ignore_ament_install'
[0.531s] Level 1:colcon.colcon_core.package_identification:_identify(/home/bachtiar/elephant_robot_ws/src/oscbf/oscbf/assets/mycobot/meshes) by extensions ['colcon_pkg']
[0.531s] Level 1:colcon.colcon_core.package_identification:_identify(/home/bachtiar/elephant_robot_ws/src/oscbf/oscbf/assets/mycobot/meshes) by extension 'colcon_pkg'
[0.531s] Level 1:colcon.colcon_core.package_identification:_identify(/home/bachtiar/elephant_robot_ws/src/oscbf/oscbf/assets/mycobot/meshes) by extensions ['colcon_meta']
[0.532s] Level 1:colcon.colcon_core.package_identification:_identify(/home/bachtiar/elephant_robot_ws/src/oscbf/oscbf/assets/mycobot/meshes) by extension 'colcon_meta'
[0.532s] Level 1:colcon.colcon_core.package_identification:_identify(/home/bachtiar/elephant_robot_ws/src/oscbf/oscbf/assets/mycobot/meshes) by extensions ['ros']
[0.532s] Level 1:colcon.colcon_core.package_identification:_identify(/home/bachtiar/elephant_robot_ws/src/oscbf/oscbf/assets/mycobot/meshes) by extension 'ros'
[0.532s] Level 1:colcon.colcon_core.package_identification:_identify(/home/bachtiar/elephant_robot_ws/src/oscbf/oscbf/assets/mycobot/meshes) by extensions ['cmake', 'python']
[0.532s] Level 1:colcon.colcon_core.package_identification:_identify(/home/bachtiar/elephant_robot_ws/src/oscbf/oscbf/assets/mycobot/meshes) by extension 'cmake'
[0.532s] Level 1:colcon.colcon_core.package_identification:_identify(/home/bachtiar/elephant_robot_ws/src/oscbf/oscbf/assets/mycobot/meshes) by extension 'python'
[0.532s] Level 1:colcon.colcon_core.package_identification:_identify(/home/bachtiar/elephant_robot_ws/src/oscbf/oscbf/assets/mycobot/meshes) by extensions ['python_setup_py']
[0.532s] Level 1:colcon.colcon_core.package_identification:_identify(/home/bachtiar/elephant_robot_ws/src/oscbf/oscbf/assets/mycobot/meshes) by extension 'python_setup_py'
[0.532s] Level 1:colcon.colcon_core.package_identification:_identify(/home/bachtiar/elephant_robot_ws/src/oscbf/oscbf/assets/mycobot/meshes/collision) by extensions ['ignore', 'ignore_ament_install']
[0.533s] Level 1:colcon.colcon_core.package_identification:_identify(/home/bachtiar/elephant_robot_ws/src/oscbf/oscbf/assets/mycobot/meshes/collision) by extension 'ignore'
[0.533s] Level 1:colcon.colcon_core.package_identification:_identify(/home/bachtiar/elephant_robot_ws/src/oscbf/oscbf/assets/mycobot/meshes/collision) by extension 'ignore_ament_install'
[0.533s] Level 1:colcon.colcon_core.package_identification:_identify(/home/bachtiar/elephant_robot_ws/src/oscbf/oscbf/assets/mycobot/meshes/collision) by extensions ['colcon_pkg']
[0.533s] Level 1:colcon.colcon_core.package_identification:_identify(/home/bachtiar/elephant_robot_ws/src/oscbf/oscbf/assets/mycobot/meshes/collision) by extension 'colcon_pkg'
[0.533s] Level 1:colcon.colcon_core.package_identification:_identify(/home/bachtiar/elephant_robot_ws/src/oscbf/oscbf/assets/mycobot/meshes/collision) by extensions ['colcon_meta']
[0.533s] Level 1:colcon.colcon_core.package_identification:_identify(/home/bachtiar/elephant_robot_ws/src/oscbf/oscbf/assets/mycobot/meshes/collision) by extension 'colcon_meta'
[0.533s] Level 1:colcon.colcon_core.package_identification:_identify(/home/bachtiar/elephant_robot_ws/src/oscbf/oscbf/assets/mycobot/meshes/collision) by extensions ['ros']
[0.533s] Level 1:colcon.colcon_core.package_identification:_identify(/home/bachtiar/elephant_robot_ws/src/oscbf/oscbf/assets/mycobot/meshes/collision) by extension 'ros'
[0.533s] Level 1:colcon.colcon_core.package_identification:_identify(/home/bachtiar/elephant_robot_ws/src/oscbf/oscbf/assets/mycobot/meshes/collision) by extensions ['cmake', 'python']
[0.533s] Level 1:colcon.colcon_core.package_identification:_identify(/home/bachtiar/elephant_robot_ws/src/oscbf/oscbf/assets/mycobot/meshes/collision) by extension 'cmake'
[0.533s] Level 1:colcon.colcon_core.package_identification:_identify(/home/bachtiar/elephant_robot_ws/src/oscbf/oscbf/assets/mycobot/meshes/collision) by extension 'python'
[0.533s] Level 1:colcon.colcon_core.package_identification:_identify(/home/bachtiar/elephant_robot_ws/src/oscbf/oscbf/assets/mycobot/meshes/collision) by extensions ['python_setup_py']
[0.533s] Level 1:colcon.colcon_core.package_identification:_identify(/home/bachtiar/elephant_robot_ws/src/oscbf/oscbf/assets/mycobot/meshes/collision) by extension 'python_setup_py'
[0.533s] Level 1:colcon.colcon_core.package_identification:_identify(/home/bachtiar/elephant_robot_ws/src/oscbf/oscbf/assets/mycobot/meshes/visual) by extensions ['ignore', 'ignore_ament_install']
[0.534s] Level 1:colcon.colcon_core.package_identification:_identify(/home/bachtiar/elephant_robot_ws/src/oscbf/oscbf/assets/mycobot/meshes/visual) by extension 'ignore'
[0.534s] Level 1:colcon.colcon_core.package_identification:_identify(/home/bachtiar/elephant_robot_ws/src/oscbf/oscbf/assets/mycobot/meshes/visual) by extension 'ignore_ament_install'
[0.534s] Level 1:colcon.colcon_core.package_identification:_identify(/home/bachtiar/elephant_robot_ws/src/oscbf/oscbf/assets/mycobot/meshes/visual) by extensions ['colcon_pkg']
[0.534s] Level 1:colcon.colcon_core.package_identification:_identify(/home/bachtiar/elephant_robot_ws/src/oscbf/oscbf/assets/mycobot/meshes/visual) by extension 'colcon_pkg'
[0.534s] Level 1:colcon.colcon_core.package_identification:_identify(/home/bachtiar/elephant_robot_ws/src/oscbf/oscbf/assets/mycobot/meshes/visual) by extensions ['colcon_meta']
[0.534s] Level 1:colcon.colcon_core.package_identification:_identify(/home/bachtiar/elephant_robot_ws/src/oscbf/oscbf/assets/mycobot/meshes/visual) by extension 'colcon_meta'
[0.534s] Level 1:colcon.colcon_core.package_identification:_identify(/home/bachtiar/elephant_robot_ws/src/oscbf/oscbf/assets/mycobot/meshes/visual) by extensions ['ros']
[0.534s] Level 1:colcon.colcon_core.package_identification:_identify(/home/bachtiar/elephant_robot_ws/src/oscbf/oscbf/assets/mycobot/meshes/visual) by extension 'ros'
[0.534s] Level 1:colcon.colcon_core.package_identification:_identify(/home/bachtiar/elephant_robot_ws/src/oscbf/oscbf/assets/mycobot/meshes/visual) by extensions ['cmake', 'python']
[0.534s] Level 1:colcon.colcon_core.package_identification:_identify(/home/bachtiar/elephant_robot_ws/src/oscbf/oscbf/assets/mycobot/meshes/visual) by extension 'cmake'
[0.534s] Level 1:colcon.colcon_core.package_identification:_identify(/home/bachtiar/elephant_robot_ws/src/oscbf/oscbf/assets/mycobot/meshes/visual) by extension 'python'
[0.534s] Level 1:colcon.colcon_core.package_identification:_identify(/home/bachtiar/elephant_robot_ws/src/oscbf/oscbf/assets/mycobot/meshes/visual) by extensions ['python_setup_py']
[0.534s] Level 1:colcon.colcon_core.package_identification:_identify(/home/bachtiar/elephant_robot_ws/src/oscbf/oscbf/assets/mycobot/meshes/visual) by extension 'python_setup_py'
[0.534s] Level 1:colcon.colcon_core.package_identification:_identify(/home/bachtiar/elephant_robot_ws/src/oscbf/oscbf/core) by extensions ['ignore', 'ignore_ament_install']
[0.535s] Level 1:colcon.colcon_core.package_identification:_identify(/home/bachtiar/elephant_robot_ws/src/oscbf/oscbf/core) by extension 'ignore'
[0.535s] Level 1:colcon.colcon_core.package_identification:_identify(/home/bachtiar/elephant_robot_ws/src/oscbf/oscbf/core) by extension 'ignore_ament_install'
[0.535s] Level 1:colcon.colcon_core.package_identification:_identify(/home/bachtiar/elephant_robot_ws/src/oscbf/oscbf/core) by extensions ['colcon_pkg']
[0.535s] Level 1:colcon.colcon_core.package_identification:_identify(/home/bachtiar/elephant_robot_ws/src/oscbf/oscbf/core) by extension 'colcon_pkg'
[0.535s] Level 1:colcon.colcon_core.package_identification:_identify(/home/bachtiar/elephant_robot_ws/src/oscbf/oscbf/core) by extensions ['colcon_meta']
[0.535s] Level 1:colcon.colcon_core.package_identification:_identify(/home/bachtiar/elephant_robot_ws/src/oscbf/oscbf/core) by extension 'colcon_meta'
[0.535s] Level 1:colcon.colcon_core.package_identification:_identify(/home/bachtiar/elephant_robot_ws/src/oscbf/oscbf/core) by extensions ['ros']
[0.535s] Level 1:colcon.colcon_core.package_identification:_identify(/home/bachtiar/elephant_robot_ws/src/oscbf/oscbf/core) by extension 'ros'
[0.535s] Level 1:colcon.colcon_core.package_identification:_identify(/home/bachtiar/elephant_robot_ws/src/oscbf/oscbf/core) by extensions ['cmake', 'python']
[0.535s] Level 1:colcon.colcon_core.package_identification:_identify(/home/bachtiar/elephant_robot_ws/src/oscbf/oscbf/core) by extension 'cmake'
[0.535s] Level 1:colcon.colcon_core.package_identification:_identify(/home/bachtiar/elephant_robot_ws/src/oscbf/oscbf/core) by extension 'python'
[0.535s] Level 1:colcon.colcon_core.package_identification:_identify(/home/bachtiar/elephant_robot_ws/src/oscbf/oscbf/core) by extensions ['python_setup_py']
[0.535s] Level 1:colcon.colcon_core.package_identification:_identify(/home/bachtiar/elephant_robot_ws/src/oscbf/oscbf/core) by extension 'python_setup_py'
[0.535s] Level 1:colcon.colcon_core.package_identification:_identify(/home/bachtiar/elephant_robot_ws/src/oscbf/oscbf/core/__pycache__) by extensions ['ignore', 'ignore_ament_install']
[0.536s] Level 1:colcon.colcon_core.package_identification:_identify(/home/bachtiar/elephant_robot_ws/src/oscbf/oscbf/core/__pycache__) by extension 'ignore'
[0.536s] Level 1:colcon.colcon_core.package_identification:_identify(/home/bachtiar/elephant_robot_ws/src/oscbf/oscbf/core/__pycache__) by extension 'ignore_ament_install'
[0.536s] Level 1:colcon.colcon_core.package_identification:_identify(/home/bachtiar/elephant_robot_ws/src/oscbf/oscbf/core/__pycache__) by extensions ['colcon_pkg']
[0.536s] Level 1:colcon.colcon_core.package_identification:_identify(/home/bachtiar/elephant_robot_ws/src/oscbf/oscbf/core/__pycache__) by extension 'colcon_pkg'
[0.536s] Level 1:colcon.colcon_core.package_identification:_identify(/home/bachtiar/elephant_robot_ws/src/oscbf/oscbf/core/__pycache__) by extensions ['colcon_meta']
[0.536s] Level 1:colcon.colcon_core.package_identification:_identify(/home/bachtiar/elephant_robot_ws/src/oscbf/oscbf/core/__pycache__) by extension 'colcon_meta'
[0.536s] Level 1:colcon.colcon_core.package_identification:_identify(/home/bachtiar/elephant_robot_ws/src/oscbf/oscbf/core/__pycache__) by extensions ['ros']
[0.536s] Level 1:colcon.colcon_core.package_identification:_identify(/home/bachtiar/elephant_robot_ws/src/oscbf/oscbf/core/__pycache__) by extension 'ros'
[0.536s] Level 1:colcon.colcon_core.package_identification:_identify(/home/bachtiar/elephant_robot_ws/src/oscbf/oscbf/core/__pycache__) by extensions ['cmake', 'python']
[0.536s] Level 1:colcon.colcon_core.package_identification:_identify(/home/bachtiar/elephant_robot_ws/src/oscbf/oscbf/core/__pycache__) by extension 'cmake'
[0.536s] Level 1:colcon.colcon_core.package_identification:_identify(/home/bachtiar/elephant_robot_ws/src/oscbf/oscbf/core/__pycache__) by extension 'python'
[0.536s] Level 1:colcon.colcon_core.package_identification:_identify(/home/bachtiar/elephant_robot_ws/src/oscbf/oscbf/core/__pycache__) by extensions ['python_setup_py']
[0.536s] Level 1:colcon.colcon_core.package_identification:_identify(/home/bachtiar/elephant_robot_ws/src/oscbf/oscbf/core/__pycache__) by extension 'python_setup_py'
[0.536s] Level 1:colcon.colcon_core.package_identification:_identify(/home/bachtiar/elephant_robot_ws/src/oscbf/oscbf/examples) by extensions ['ignore', 'ignore_ament_install']
[0.536s] Level 1:colcon.colcon_core.package_identification:_identify(/home/bachtiar/elephant_robot_ws/src/oscbf/oscbf/examples) by extension 'ignore'
[0.537s] Level 1:colcon.colcon_core.package_identification:_identify(/home/bachtiar/elephant_robot_ws/src/oscbf/oscbf/examples) by extension 'ignore_ament_install'
[0.537s] Level 1:colcon.colcon_core.package_identification:_identify(/home/bachtiar/elephant_robot_ws/src/oscbf/oscbf/examples) by extensions ['colcon_pkg']
[0.537s] Level 1:colcon.colcon_core.package_identification:_identify(/home/bachtiar/elephant_robot_ws/src/oscbf/oscbf/examples) by extension 'colcon_pkg'
[0.537s] Level 1:colcon.colcon_core.package_identification:_identify(/home/bachtiar/elephant_robot_ws/src/oscbf/oscbf/examples) by extensions ['colcon_meta']
[0.537s] Level 1:colcon.colcon_core.package_identification:_identify(/home/bachtiar/elephant_robot_ws/src/oscbf/oscbf/examples) by extension 'colcon_meta'
[0.537s] Level 1:colcon.colcon_core.package_identification:_identify(/home/bachtiar/elephant_robot_ws/src/oscbf/oscbf/examples) by extensions ['ros']
[0.537s] Level 1:colcon.colcon_core.package_identification:_identify(/home/bachtiar/elephant_robot_ws/src/oscbf/oscbf/examples) by extension 'ros'
[0.537s] Level 1:colcon.colcon_core.package_identification:_identify(/home/bachtiar/elephant_robot_ws/src/oscbf/oscbf/examples) by extensions ['cmake', 'python']
[0.537s] Level 1:colcon.colcon_core.package_identification:_identify(/home/bachtiar/elephant_robot_ws/src/oscbf/oscbf/examples) by extension 'cmake'
[0.537s] Level 1:colcon.colcon_core.package_identification:_identify(/home/bachtiar/elephant_robot_ws/src/oscbf/oscbf/examples) by extension 'python'
[0.537s] Level 1:colcon.colcon_core.package_identification:_identify(/home/bachtiar/elephant_robot_ws/src/oscbf/oscbf/examples) by extensions ['python_setup_py']
[0.537s] Level 1:colcon.colcon_core.package_identification:_identify(/home/bachtiar/elephant_robot_ws/src/oscbf/oscbf/examples) by extension 'python_setup_py'
[0.537s] Level 1:colcon.colcon_core.package_identification:_identify(/home/bachtiar/elephant_robot_ws/src/oscbf/oscbf/scripts) by extensions ['ignore', 'ignore_ament_install']
[0.537s] Level 1:colcon.colcon_core.package_identification:_identify(/home/bachtiar/elephant_robot_ws/src/oscbf/oscbf/scripts) by extension 'ignore'
[0.537s] Level 1:colcon.colcon_core.package_identification:_identify(/home/bachtiar/elephant_robot_ws/src/oscbf/oscbf/scripts) by extension 'ignore_ament_install'
[0.537s] Level 1:colcon.colcon_core.package_identification:_identify(/home/bachtiar/elephant_robot_ws/src/oscbf/oscbf/scripts) by extensions ['colcon_pkg']
[0.537s] Level 1:colcon.colcon_core.package_identification:_identify(/home/bachtiar/elephant_robot_ws/src/oscbf/oscbf/scripts) by extension 'colcon_pkg'
[0.537s] Level 1:colcon.colcon_core.package_identification:_identify(/home/bachtiar/elephant_robot_ws/src/oscbf/oscbf/scripts) by extensions ['colcon_meta']
[0.538s] Level 1:colcon.colcon_core.package_identification:_identify(/home/bachtiar/elephant_robot_ws/src/oscbf/oscbf/scripts) by extension 'colcon_meta'
[0.538s] Level 1:colcon.colcon_core.package_identification:_identify(/home/bachtiar/elephant_robot_ws/src/oscbf/oscbf/scripts) by extensions ['ros']
[0.538s] Level 1:colcon.colcon_core.package_identification:_identify(/home/bachtiar/elephant_robot_ws/src/oscbf/oscbf/scripts) by extension 'ros'
[0.538s] Level 1:colcon.colcon_core.package_identification:_identify(/home/bachtiar/elephant_robot_ws/src/oscbf/oscbf/scripts) by extensions ['cmake', 'python']
[0.538s] Level 1:colcon.colcon_core.package_identification:_identify(/home/bachtiar/elephant_robot_ws/src/oscbf/oscbf/scripts) by extension 'cmake'
[0.538s] Level 1:colcon.colcon_core.package_identification:_identify(/home/bachtiar/elephant_robot_ws/src/oscbf/oscbf/scripts) by extension 'python'
[0.538s] Level 1:colcon.colcon_core.package_identification:_identify(/home/bachtiar/elephant_robot_ws/src/oscbf/oscbf/scripts) by extensions ['python_setup_py']
[0.538s] Level 1:colcon.colcon_core.package_identification:_identify(/home/bachtiar/elephant_robot_ws/src/oscbf/oscbf/scripts) by extension 'python_setup_py'
[0.538s] Level 1:colcon.colcon_core.package_identification:_identify(/home/bachtiar/elephant_robot_ws/src/oscbf/oscbf/utils) by extensions ['ignore', 'ignore_ament_install']
[0.538s] Level 1:colcon.colcon_core.package_identification:_identify(/home/bachtiar/elephant_robot_ws/src/oscbf/oscbf/utils) by extension 'ignore'
[0.538s] Level 1:colcon.colcon_core.package_identification:_identify(/home/bachtiar/elephant_robot_ws/src/oscbf/oscbf/utils) by extension 'ignore_ament_install'
[0.538s] Level 1:colcon.colcon_core.package_identification:_identify(/home/bachtiar/elephant_robot_ws/src/oscbf/oscbf/utils) by extensions ['colcon_pkg']
[0.538s] Level 1:colcon.colcon_core.package_identification:_identify(/home/bachtiar/elephant_robot_ws/src/oscbf/oscbf/utils) by extension 'colcon_pkg'
[0.538s] Level 1:colcon.colcon_core.package_identification:_identify(/home/bachtiar/elephant_robot_ws/src/oscbf/oscbf/utils) by extensions ['colcon_meta']
[0.539s] Level 1:colcon.colcon_core.package_identification:_identify(/home/bachtiar/elephant_robot_ws/src/oscbf/oscbf/utils) by extension 'colcon_meta'
[0.539s] Level 1:colcon.colcon_core.package_identification:_identify(/home/bachtiar/elephant_robot_ws/src/oscbf/oscbf/utils) by extensions ['ros']
[0.539s] Level 1:colcon.colcon_core.package_identification:_identify(/home/bachtiar/elephant_robot_ws/src/oscbf/oscbf/utils) by extension 'ros'
[0.539s] Level 1:colcon.colcon_core.package_identification:_identify(/home/bachtiar/elephant_robot_ws/src/oscbf/oscbf/utils) by extensions ['cmake', 'python']
[0.539s] Level 1:colcon.colcon_core.package_identification:_identify(/home/bachtiar/elephant_robot_ws/src/oscbf/oscbf/utils) by extension 'cmake'
[0.539s] Level 1:colcon.colcon_core.package_identification:_identify(/home/bachtiar/elephant_robot_ws/src/oscbf/oscbf/utils) by extension 'python'
[0.539s] Level 1:colcon.colcon_core.package_identification:_identify(/home/bachtiar/elephant_robot_ws/src/oscbf/oscbf/utils) by extensions ['python_setup_py']
[0.539s] Level 1:colcon.colcon_core.package_identification:_identify(/home/bachtiar/elephant_robot_ws/src/oscbf/oscbf/utils) by extension 'python_setup_py'
[0.539s] Level 1:colcon.colcon_core.package_identification:_identify(/home/bachtiar/elephant_robot_ws/src/oscbf/oscbf/utils/__pycache__) by extensions ['ignore', 'ignore_ament_install']
[0.539s] Level 1:colcon.colcon_core.package_identification:_identify(/home/bachtiar/elephant_robot_ws/src/oscbf/oscbf/utils/__pycache__) by extension 'ignore'
[0.539s] Level 1:colcon.colcon_core.package_identification:_identify(/home/bachtiar/elephant_robot_ws/src/oscbf/oscbf/utils/__pycache__) by extension 'ignore_ament_install'
[0.539s] Level 1:colcon.colcon_core.package_identification:_identify(/home/bachtiar/elephant_robot_ws/src/oscbf/oscbf/utils/__pycache__) by extensions ['colcon_pkg']
[0.539s] Level 1:colcon.colcon_core.package_identification:_identify(/home/bachtiar/elephant_robot_ws/src/oscbf/oscbf/utils/__pycache__) by extension 'colcon_pkg'
[0.539s] Level 1:colcon.colcon_core.package_identification:_identify(/home/bachtiar/elephant_robot_ws/src/oscbf/oscbf/utils/__pycache__) by extensions ['colcon_meta']
[0.539s] Level 1:colcon.colcon_core.package_identification:_identify(/home/bachtiar/elephant_robot_ws/src/oscbf/oscbf/utils/__pycache__) by extension 'colcon_meta'
[0.539s] Level 1:colcon.colcon_core.package_identification:_identify(/home/bachtiar/elephant_robot_ws/src/oscbf/oscbf/utils/__pycache__) by extensions ['ros']
[0.540s] Level 1:colcon.colcon_core.package_identification:_identify(/home/bachtiar/elephant_robot_ws/src/oscbf/oscbf/utils/__pycache__) by extension 'ros'
[0.540s] Level 1:colcon.colcon_core.package_identification:_identify(/home/bachtiar/elephant_robot_ws/src/oscbf/oscbf/utils/__pycache__) by extensions ['cmake', 'python']
[0.540s] Level 1:colcon.colcon_core.package_identification:_identify(/home/bachtiar/elephant_robot_ws/src/oscbf/oscbf/utils/__pycache__) by extension 'cmake'
[0.540s] Level 1:colcon.colcon_core.package_identification:_identify(/home/bachtiar/elephant_robot_ws/src/oscbf/oscbf/utils/__pycache__) by extension 'python'
[0.540s] Level 1:colcon.colcon_core.package_identification:_identify(/home/bachtiar/elephant_robot_ws/src/oscbf/oscbf/utils/__pycache__) by extensions ['python_setup_py']
[0.540s] Level 1:colcon.colcon_core.package_identification:_identify(/home/bachtiar/elephant_robot_ws/src/oscbf/oscbf/utils/__pycache__) by extension 'python_setup_py'
[0.540s] Level 1:colcon.colcon_core.package_identification:_identify(/home/bachtiar/elephant_robot_ws/src/oscbf/oscbf/utils/urdfpy) by extensions ['ignore', 'ignore_ament_install']
[0.540s] Level 1:colcon.colcon_core.package_identification:_identify(/home/bachtiar/elephant_robot_ws/src/oscbf/oscbf/utils/urdfpy) by extension 'ignore'
[0.540s] Level 1:colcon.colcon_core.package_identification:_identify(/home/bachtiar/elephant_robot_ws/src/oscbf/oscbf/utils/urdfpy) by extension 'ignore_ament_install'
[0.540s] Level 1:colcon.colcon_core.package_identification:_identify(/home/bachtiar/elephant_robot_ws/src/oscbf/oscbf/utils/urdfpy) by extensions ['colcon_pkg']
[0.540s] Level 1:colcon.colcon_core.package_identification:_identify(/home/bachtiar/elephant_robot_ws/src/oscbf/oscbf/utils/urdfpy) by extension 'colcon_pkg'
[0.540s] Level 1:colcon.colcon_core.package_identification:_identify(/home/bachtiar/elephant_robot_ws/src/oscbf/oscbf/utils/urdfpy) by extensions ['colcon_meta']
[0.540s] Level 1:colcon.colcon_core.package_identification:_identify(/home/bachtiar/elephant_robot_ws/src/oscbf/oscbf/utils/urdfpy) by extension 'colcon_meta'
[0.540s] Level 1:colcon.colcon_core.package_identification:_identify(/home/bachtiar/elephant_robot_ws/src/oscbf/oscbf/utils/urdfpy) by extensions ['ros']
[0.540s] Level 1:colcon.colcon_core.package_identification:_identify(/home/bachtiar/elephant_robot_ws/src/oscbf/oscbf/utils/urdfpy) by extension 'ros'
[0.541s] Level 1:colcon.colcon_core.package_identification:_identify(/home/bachtiar/elephant_robot_ws/src/oscbf/oscbf/utils/urdfpy) by extensions ['cmake', 'python']
[0.541s] Level 1:colcon.colcon_core.package_identification:_identify(/home/bachtiar/elephant_robot_ws/src/oscbf/oscbf/utils/urdfpy) by extension 'cmake'
[0.541s] Level 1:colcon.colcon_core.package_identification:_identify(/home/bachtiar/elephant_robot_ws/src/oscbf/oscbf/utils/urdfpy) by extension 'python'
[0.541s] Level 1:colcon.colcon_core.package_identification:_identify(/home/bachtiar/elephant_robot_ws/src/oscbf/oscbf/utils/urdfpy) by extensions ['python_setup_py']
[0.541s] Level 1:colcon.colcon_core.package_identification:_identify(/home/bachtiar/elephant_robot_ws/src/oscbf/oscbf/utils/urdfpy) by extension 'python_setup_py'
[0.541s] Level 1:colcon.colcon_core.package_identification:_identify(/home/bachtiar/elephant_robot_ws/src/oscbf/oscbf/utils/urdfpy/__pycache__) by extensions ['ignore', 'ignore_ament_install']
[0.541s] Level 1:colcon.colcon_core.package_identification:_identify(/home/bachtiar/elephant_robot_ws/src/oscbf/oscbf/utils/urdfpy/__pycache__) by extension 'ignore'
[0.541s] Level 1:colcon.colcon_core.package_identification:_identify(/home/bachtiar/elephant_robot_ws/src/oscbf/oscbf/utils/urdfpy/__pycache__) by extension 'ignore_ament_install'
[0.541s] Level 1:colcon.colcon_core.package_identification:_identify(/home/bachtiar/elephant_robot_ws/src/oscbf/oscbf/utils/urdfpy/__pycache__) by extensions ['colcon_pkg']
[0.541s] Level 1:colcon.colcon_core.package_identification:_identify(/home/bachtiar/elephant_robot_ws/src/oscbf/oscbf/utils/urdfpy/__pycache__) by extension 'colcon_pkg'
[0.541s] Level 1:colcon.colcon_core.package_identification:_identify(/home/bachtiar/elephant_robot_ws/src/oscbf/oscbf/utils/urdfpy/__pycache__) by extensions ['colcon_meta']
[0.541s] Level 1:colcon.colcon_core.package_identification:_identify(/home/bachtiar/elephant_robot_ws/src/oscbf/oscbf/utils/urdfpy/__pycache__) by extension 'colcon_meta'
[0.541s] Level 1:colcon.colcon_core.package_identification:_identify(/home/bachtiar/elephant_robot_ws/src/oscbf/oscbf/utils/urdfpy/__pycache__) by extensions ['ros']
[0.541s] Level 1:colcon.colcon_core.package_identification:_identify(/home/bachtiar/elephant_robot_ws/src/oscbf/oscbf/utils/urdfpy/__pycache__) by extension 'ros'
[0.541s] Level 1:colcon.colcon_core.package_identification:_identify(/home/bachtiar/elephant_robot_ws/src/oscbf/oscbf/utils/urdfpy/__pycache__) by extensions ['cmake', 'python']
[0.541s] Level 1:colcon.colcon_core.package_identification:_identify(/home/bachtiar/elephant_robot_ws/src/oscbf/oscbf/utils/urdfpy/__pycache__) by extension 'cmake'
[0.542s] Level 1:colcon.colcon_core.package_identification:_identify(/home/bachtiar/elephant_robot_ws/src/oscbf/oscbf/utils/urdfpy/__pycache__) by extension 'python'
[0.542s] Level 1:colcon.colcon_core.package_identification:_identify(/home/bachtiar/elephant_robot_ws/src/oscbf/oscbf/utils/urdfpy/__pycache__) by extensions ['python_setup_py']
[0.542s] Level 1:colcon.colcon_core.package_identification:_identify(/home/bachtiar/elephant_robot_ws/src/oscbf/oscbf/utils/urdfpy/__pycache__) by extension 'python_setup_py'
[0.542s] Level 1:colcon.colcon_core.package_identification:_identify(/home/bachtiar/elephant_robot_ws/src/oscbf/oscbf.egg-info) by extensions ['ignore', 'ignore_ament_install']
[0.542s] Level 1:colcon.colcon_core.package_identification:_identify(/home/bachtiar/elephant_robot_ws/src/oscbf/oscbf.egg-info) by extension 'ignore'
[0.542s] Level 1:colcon.colcon_core.package_identification:_identify(/home/bachtiar/elephant_robot_ws/src/oscbf/oscbf.egg-info) by extension 'ignore_ament_install'
[0.542s] Level 1:colcon.colcon_core.package_identification:_identify(/home/bachtiar/elephant_robot_ws/src/oscbf/oscbf.egg-info) by extensions ['colcon_pkg']
[0.542s] Level 1:colcon.colcon_core.package_identification:_identify(/home/bachtiar/elephant_robot_ws/src/oscbf/oscbf.egg-info) by extension 'colcon_pkg'
[0.542s] Level 1:colcon.colcon_core.package_identification:_identify(/home/bachtiar/elephant_robot_ws/src/oscbf/oscbf.egg-info) by extensions ['colcon_meta']
[0.542s] Level 1:colcon.colcon_core.package_identification:_identify(/home/bachtiar/elephant_robot_ws/src/oscbf/oscbf.egg-info) by extension 'colcon_meta'
[0.542s] Level 1:colcon.colcon_core.package_identification:_identify(/home/bachtiar/elephant_robot_ws/src/oscbf/oscbf.egg-info) by extensions ['ros']
[0.542s] Level 1:colcon.colcon_core.package_identification:_identify(/home/bachtiar/elephant_robot_ws/src/oscbf/oscbf.egg-info) by extension 'ros'
[0.542s] Level 1:colcon.colcon_core.package_identification:_identify(/home/bachtiar/elephant_robot_ws/src/oscbf/oscbf.egg-info) by extensions ['cmake', 'python']
[0.542s] Level 1:colcon.colcon_core.package_identification:_identify(/home/bachtiar/elephant_robot_ws/src/oscbf/oscbf.egg-info) by extension 'cmake'
[0.542s] Level 1:colcon.colcon_core.package_identification:_identify(/home/bachtiar/elephant_robot_ws/src/oscbf/oscbf.egg-info) by extension 'python'
[0.542s] Level 1:colcon.colcon_core.package_identification:_identify(/home/bachtiar/elephant_robot_ws/src/oscbf/oscbf.egg-info) by extensions ['python_setup_py']
[0.542s] Level 1:colcon.colcon_core.package_identification:_identify(/home/bachtiar/elephant_robot_ws/src/oscbf/oscbf.egg-info) by extension 'python_setup_py'
[0.543s] Level 1:colcon.colcon_core.package_identification:_identify(/home/bachtiar/elephant_robot_ws/src/oscbf/test) by extensions ['ignore', 'ignore_ament_install']
[0.543s] Level 1:colcon.colcon_core.package_identification:_identify(/home/bachtiar/elephant_robot_ws/src/oscbf/test) by extension 'ignore'
[0.543s] Level 1:colcon.colcon_core.package_identification:_identify(/home/bachtiar/elephant_robot_ws/src/oscbf/test) by extension 'ignore_ament_install'
[0.543s] Level 1:colcon.colcon_core.package_identification:_identify(/home/bachtiar/elephant_robot_ws/src/oscbf/test) by extensions ['colcon_pkg']
[0.543s] Level 1:colcon.colcon_core.package_identification:_identify(/home/bachtiar/elephant_robot_ws/src/oscbf/test) by extension 'colcon_pkg'
[0.543s] Level 1:colcon.colcon_core.package_identification:_identify(/home/bachtiar/elephant_robot_ws/src/oscbf/test) by extensions ['colcon_meta']
[0.543s] Level 1:colcon.colcon_core.package_identification:_identify(/home/bachtiar/elephant_robot_ws/src/oscbf/test) by extension 'colcon_meta'
[0.543s] Level 1:colcon.colcon_core.package_identification:_identify(/home/bachtiar/elephant_robot_ws/src/oscbf/test) by extensions ['ros']
[0.543s] Level 1:colcon.colcon_core.package_identification:_identify(/home/bachtiar/elephant_robot_ws/src/oscbf/test) by extension 'ros'
[0.543s] Level 1:colcon.colcon_core.package_identification:_identify(/home/bachtiar/elephant_robot_ws/src/oscbf/test) by extensions ['cmake', 'python']
[0.543s] Level 1:colcon.colcon_core.package_identification:_identify(/home/bachtiar/elephant_robot_ws/src/oscbf/test) by extension 'cmake'
[0.543s] Level 1:colcon.colcon_core.package_identification:_identify(/home/bachtiar/elephant_robot_ws/src/oscbf/test) by extension 'python'
[0.543s] Level 1:colcon.colcon_core.package_identification:_identify(/home/bachtiar/elephant_robot_ws/src/oscbf/test) by extensions ['python_setup_py']
[0.543s] Level 1:colcon.colcon_core.package_identification:_identify(/home/bachtiar/elephant_robot_ws/src/oscbf/test) by extension 'python_setup_py'
[0.544s] Level 1:colcon.colcon_core.package_discovery:discover_packages(recursive) using defaults
